1609908043756	geckodriver	INFO	Listening on 127.0.0.1:46771
1609908044754	mozrunner::runner	INFO	Running command: "/usr/bin/firefox" "--marionette" "-foreground" "-no-remote" "-profile" "/tmp/rust_mozprofileApFGIO"
Starting X
.....5.. 4.. 3.. 2.. 1.. 1609908056026	geckodriver	INFO	Listening on 127.0.0.1:42631
1609908056052	mozrunner::runner	INFO	Running command: "/usr/bin/firefox" "--marionette" "-foreground" "-no-remote" "-profile" "/tmp/rust_mozprofilejzkbUF"
console.warn: SearchSettings: "get: No settings file exists, new profile?" (new Error("", "(unknown module)"))
1609908085837	Marionette	INFO	Listening on port 40861
1609908086308	Marionette	WARN	TLS certificate errors will be ignored for this session
1609908111890	geckodriver	INFO	Listening on 127.0.0.1:59831
1609908111935	mozrunner::runner	INFO	Running command: "/usr/bin/firefox" "--marionette" "-foreground" "-no-remote" "-profile" "/tmp/rust_mozprofilegUNrcw"
1609908118748	geckodriver	INFO	Listening on 127.0.0.1:52289
1609908118761	mozrunner::runner	INFO	Running command: "/usr/bin/firefox" "--marionette" "-foreground" "-no-remote" "-profile" "/tmp/rust_mozprofilesJOzqg"
console.warn: SearchSettings: "get: No settings file exists, new profile?" (new Error("", "(unknown module)"))
1609908131557	Marionette	INFO	Listening on port 40647
1609908131860	Marionette	WARN	TLS certificate errors will be ignored for this session
1609909011079	geckodriver	INFO	Listening on 127.0.0.1:52527
1609909011979	mozrunner::runner	INFO	Running command: "/usr/bin/firefox" "--marionette" "-foreground" "-no-remote" "-profile" "/tmp/rust_mozprofilesshKiz"
1609909030338	geckodriver	INFO	Listening on 127.0.0.1:47895
1609909031350	mozrunner::runner	INFO	Running command: "/usr/bin/firefox" "--marionette" "-foreground" "-no-remote" "-profile" "/tmp/rust_mozprofileo4bG4R"
console.warn: SearchSettings: "get: No settings file exists, new profile?" (new Error("", "(unknown module)"))
1609909049965	Marionette	INFO	Listening on port 42975
1609909050463	Marionette	WARN	TLS certificate errors will be ignored for this session
1609941202153	geckodriver	INFO	Listening on 127.0.0.1:54579
1609941203066	mozrunner::runner	INFO	Running command: "/usr/bin/firefox" "--marionette" "-foreground" "-no-remote" "-profile" "/tmp/rust_mozprofilegafXRz"
Starting X
.....5.. 4.. 3.. 2.. 1.. console.warn: SearchSettings: "get: No settings file exists, new profile?" (new Error("", "(unknown module)"))
1609941231932	Marionette	INFO	Listening on port 38735
1609941232252	Marionette	WARN	TLS certificate errors will be ignored for this session
JavaScript error: , line 0: AbortError: Actor 'ASRouter' destroyed before query 'NEWTAB_MESSAGE_REQUEST' was resolved

###!!! [Parent][MessageChannel] Error: (msgtype=0x5B000D,name=PHttpBackgroundChannel::Msg___delete__) Channel error: cannot send/recv

1609948400737	geckodriver	INFO	Listening on 127.0.0.1:36845
1609948401639	mozrunner::runner	INFO	Running command: "/usr/bin/firefox" "--marionette" "-foreground" "-no-remote" "-profile" "/tmp/rust_mozprofileE8ZEzq"
console.warn: SearchSettings: "get: No settings file exists, new profile?" (new Error("", "(unknown module)"))
1609948422581	Marionette	INFO	Listening on port 46539
1609948422805	Marionette	WARN	TLS certificate errors will be ignored for this session
1628311849260	geckodriver	INFO	Listening on 127.0.0.1:44537
1628311850196	mozrunner::runner	INFO	Running command: "/usr/bin/firefox" "--marionette" "-foreground" "-no-remote" "-profile" "/tmp/rust_mozprofiled7Vm6Y"
[GFX1-]: glxtest: libpci missing
[GFX1-]: No GPUs detected via PCI
1628311865803	Marionette	INFO	Marionette enabled
console.warn: SearchSettings: "get: No settings file exists, new profile?" (new Error("", "(unknown module)"))
1628311933496	geckodriver	INFO	Listening on 127.0.0.1:44443
1628311934364	mozrunner::runner	INFO	Running command: "/usr/bin/firefox" "--marionette" "-foreground" "-no-remote" "-profile" "/tmp/rust_mozprofileLyyYdO"
[GFX1-]: glxtest: libpci missing
[GFX1-]: No GPUs detected via PCI
1628311936867	Marionette	INFO	Marionette enabled
console.warn: SearchSettings: "get: No settings file exists, new profile?" (new Error("", "(unknown module)"))
1628311955175	Marionette	INFO	Listening on port 44505
1628311955704	Marionette	WARN	TLS certificate errors will be ignored for this session
Exiting due to channel error.
Exiting due to channel error.
Exiting due to channel error.
1628312526587	geckodriver	INFO	Listening on 127.0.0.1:46001
1628312527487	mozrunner::runner	INFO	Running command: "/usr/bin/firefox" "--marionette" "-foreground" "-no-remote" "-profile" "/tmp/rust_mozprofileMOsDbF"
[GFX1-]: glxtest: libpci missing
[GFX1-]: No GPUs detected via PCI
1628312534197	Marionette	INFO	Marionette enabled
console.warn: SearchSettings: "get: No settings file exists, new profile?" (new Error("", "(unknown module)"))
1628312557584	Marionette	INFO	Listening on port 41963
1628312558167	Marionette	WARN	TLS certificate errors will be ignored for this session
1628312577673	geckodriver	INFO	Listening on 127.0.0.1:46695
1628312578235	mozrunner::runner	INFO	Running command: "/usr/bin/firefox" "--marionette" "-foreground" "-no-remote" "-profile" "/tmp/rust_mozprofile3UikBT"
1628312613433	geckodriver	INFO	Listening on 127.0.0.1:60701
1628312614293	mozrunner::runner	INFO	Running command: "/usr/bin/firefox" "--marionette" "-foreground" "-no-remote" "-profile" "/tmp/rust_mozprofileDRsx4X"
1628312928985	geckodriver	INFO	Listening on 127.0.0.1:35293
1628312929910	mozrunner::runner	INFO	Running command: "/usr/bin/firefox" "--marionette" "-foreground" "-no-remote" "-profile" "/tmp/rust_mozprofilePUUW2i"
[GFX1-]: glxtest: libpci missing
[GFX1-]: No GPUs detected via PCI
1628312934219	Marionette	INFO	Marionette enabled
console.warn: SearchSettings: "get: No settings file exists, new profile?" (new Error("", "(unknown module)"))
1628312950378	Marionette	INFO	Listening on port 33921
1628312950868	Marionette	WARN	TLS certificate errors will be ignored for this session
1628313019813	geckodriver	INFO	Listening on 127.0.0.1:60985
1628313020700	mozrunner::runner	INFO	Running command: "/usr/bin/firefox" "--marionette" "-foreground" "-no-remote" "-profile" "/tmp/rust_mozprofileyCx620"
[GFX1-]: glxtest: libpci missing
[GFX1-]: No GPUs detected via PCI
1628313027084	Marionette	INFO	Marionette enabled
console.warn: SearchSettings: "get: No settings file exists, new profile?" (new Error("", "(unknown module)"))
1628313047769	Marionette	INFO	Listening on port 41431
1628313048295	Marionette	WARN	TLS certificate errors will be ignored for this session
1628313279425	geckodriver	INFO	Listening on 127.0.0.1:46901
1628313280371	mozrunner::runner	INFO	Running command: "/usr/bin/firefox" "--marionette" "-foreground" "-no-remote" "-profile" "/tmp/rust_mozprofileYCoIN0"
[GFX1-]: glxtest: libpci missing
[GFX1-]: No GPUs detected via PCI
1628313286314	Marionette	INFO	Marionette enabled
console.warn: SearchSettings: "get: No settings file exists, new profile?" (new Error("", "(unknown module)"))
1628313304370	Marionette	INFO	Listening on port 41617
1628313304866	Marionette	WARN	TLS certificate errors will be ignored for this session
1628313337409	geckodriver	INFO	Listening on 127.0.0.1:57389
1628313338044	mozrunner::runner	INFO	Running command: "/usr/bin/firefox" "--marionette" "-foreground" "-no-remote" "-profile" "/tmp/rust_mozprofile8OjZxW"
1628313477352	geckodriver	INFO	Listening on 127.0.0.1:35187
1628313478114	mozrunner::runner	INFO	Running command: "/usr/bin/firefox" "--marionette" "-foreground" "-no-remote" "-profile" "/tmp/rust_mozprofilesn5Acq"
Exiting due to channel error.
Exiting due to channel error.
Exiting due to channel error.
[GFX1-]: glxtest: libpci missing
[GFX1-]: No GPUs detected via PCI
1628313520674	Marionette	INFO	Marionette enabled
console.warn: SearchSettings: "get: No settings file exists, new profile?" (new Error("", "(unknown module)"))
Exiting due to channel error.
Exiting due to channel error.
1628317778039	geckodriver	INFO	Listening on 127.0.0.1:56195
1628317778954	mozrunner::runner	INFO	Running command: "/usr/bin/firefox" "--marionette" "-foreground" "-no-remote" "-profile" "/tmp/rust_mozprofilegGR6Tx"
[GFX1-]: glxtest: libpci missing
[GFX1-]: No GPUs detected via PCI
1628317784375	Marionette	INFO	Marionette enabled
console.warn: SearchSettings: "get: No settings file exists, new profile?" (new Error("", "(unknown module)"))
console.error: PushServiceWebSocket: 
  _beginWSSetup: Not in shutdown state! Current state
  2
Exiting due to channel error.
Exiting due to channel error.
Exiting due to channel error.
1628318689921	geckodriver	INFO	Listening on 127.0.0.1:47711
1628318690854	mozrunner::runner	INFO	Running command: "/usr/bin/firefox" "--marionette" "-foreground" "-no-remote" "-profile" "/tmp/rust_mozprofiledUaciR"
[GFX1-]: glxtest: libpci missing
[GFX1-]: No GPUs detected via PCI
1628318696931	Marionette	INFO	Marionette enabled
console.warn: SearchSettings: "get: No settings file exists, new profile?" (new Error("", "(unknown module)"))
Exiting due to channel error.
Exiting due to channel error.
Exiting due to channel error.
1628326125463	geckodriver	INFO	Listening on 127.0.0.1:51717
1628326126436	mozrunner::runner	INFO	Running command: "/usr/bin/firefox" "--marionette" "-foreground" "-no-remote" "-profile" "/tmp/rust_mozprofileRPPtIF"
[GFX1-]: glxtest: libpci missing
[GFX1-]: No GPUs detected via PCI
1628326132066	Marionette	INFO	Marionette enabled
console.warn: SearchSettings: "get: No settings file exists, new profile?" (new Error("", "(unknown module)"))
1628326160122	Marionette	INFO	Listening on port 42495
1628326160661	Marionette	WARN	TLS certificate errors will be ignored for this session
